###############################################################################
#
# IAR ANSI C/C++ Compiler V7.50.3.10732/W32 for ARM       06/Apr/2016  15:58:19
# Copyright 1999-2016 IAR Systems AB.
#
#    Cpu mode     =  thumb
#    Endian       =  little
#    Source file  =  
#        C:\Freescale\KW40Z_Connectivity_Software_1.0.1\KSDK_1.3.0\platform\drivers\src\flash\C90TFS\drvsrc\source\EERAMGetProtection.c
#    Command line =  
#        C:\Freescale\KW40Z_Connectivity_Software_1.0.1\KSDK_1.3.0\platform\drivers\src\flash\C90TFS\drvsrc\source\EERAMGetProtection.c
#        -D DEBUG -D IAR -D CPU_MKW40Z160VHT4 -lcN "C:\Users\Jooyoun
#        Hong.Julianne\Desktop\cloned_star\ieee_802_15_4_mystarnetwork\examples\ieee_802_15_4\MyStarNetwork\EndDevice\frdmkw40z\FreeRTOS\build\iar\debug\list"
#        --diag_suppress Pa039,Pe068,Pe069,Pa082,Pe177,Pe186,Pe550,Pa050 -o
#        "C:\Users\Jooyoun
#        Hong.Julianne\Desktop\cloned_star\ieee_802_15_4_mystarnetwork\examples\ieee_802_15_4\MyStarNetwork\EndDevice\frdmkw40z\FreeRTOS\build\iar\debug\obj"
#        --no_cse --no_unroll --no_inline --no_code_motion --no_tbaa
#        --no_clustering --no_scheduling --debug --endian=little
#        --cpu=Cortex-M0+ -e --fpu=None --dlib_config "C:\Program Files
#        (x86)\IAR Systems\Embedded Workbench
#        7.3\arm\INC\c\DLib_Config_Normal.h" --preinclude "C:\Users\Jooyoun
#        Hong.Julianne\Desktop\cloned_star\ieee_802_15_4_mystarnetwork/examples/ieee_802_15_4/MyStarNetwork/EndDevice/frdmkw40z/FreeRTOS/app_preinclude.h"
#        -I
#        C:\Freescale\KW40Z_Connectivity_Software_1.0.1\KSDK_1.3.0/platform/CMSIS/Include\
#        -I "C:\Users\Jooyoun
#        Hong.Julianne\Desktop\cloned_star\ieee_802_15_4_mystarnetwork/boards/frdmkw40z\"
#        -I
#        C:\Freescale\KW40Z_Connectivity_Software_1.0.1\KSDK_1.3.0/platform/devices\
#        -I
#        C:\Freescale\KW40Z_Connectivity_Software_1.0.1\KSDK_1.3.0/platform/devices/MKW40Z4/include\
#        -I
#        C:\Freescale\KW40Z_Connectivity_Software_1.0.1\KSDK_1.3.0/platform/devices/MKW40Z4/startup\
#        -I
#        C:\Freescale\KW40Z_Connectivity_Software_1.0.1\KSDK_1.3.0/platform/system/src/clock/MKW40Z4\
#        -I
#        C:\Freescale\KW40Z_Connectivity_Software_1.0.1\KSDK_1.3.0/../ConnSw/ieee_802_15_4/Source/App\
#        -I
#        C:\Freescale\KW40Z_Connectivity_Software_1.0.1\KSDK_1.3.0/../ConnSw/ieee_802_15_4/Source/Mac/Interface\
#        -I
#        C:\Freescale\KW40Z_Connectivity_Software_1.0.1\KSDK_1.3.0/../ConnSw/framework/GPIOIrq\
#        -I
#        C:\Freescale\KW40Z_Connectivity_Software_1.0.1\KSDK_1.3.0/../ConnSw/framework/Keyboard/Interface\
#        -I
#        C:\Freescale\KW40Z_Connectivity_Software_1.0.1\KSDK_1.3.0/../ConnSw/framework/LED/Interface\
#        -I
#        C:\Freescale\KW40Z_Connectivity_Software_1.0.1\KSDK_1.3.0/../ConnSw/framework/SerialManager/Source/SPI_Adapter\
#        -I
#        C:\Freescale\KW40Z_Connectivity_Software_1.0.1\KSDK_1.3.0/../ConnSw/framework/Common\
#        -I
#        C:\Freescale\KW40Z_Connectivity_Software_1.0.1\KSDK_1.3.0/../ConnSw/framework/MemManager/Interface\
#        -I
#        C:\Freescale\KW40Z_Connectivity_Software_1.0.1\KSDK_1.3.0/../ConnSw/framework/Messaging/Interface\
#        -I
#        C:\Freescale\KW40Z_Connectivity_Software_1.0.1\KSDK_1.3.0/../ConnSw/framework/OSAbstraction/Interface\
#        -I
#        C:\Freescale\KW40Z_Connectivity_Software_1.0.1\KSDK_1.3.0/platform/osa/inc\
#        -I
#        C:\Freescale\KW40Z_Connectivity_Software_1.0.1\KSDK_1.3.0/../ConnSw/framework/Panic/Interface\
#        -I
#        C:\Freescale\KW40Z_Connectivity_Software_1.0.1\KSDK_1.3.0/../ConnSw/framework/RNG/Interface\
#        -I
#        C:\Freescale\KW40Z_Connectivity_Software_1.0.1\KSDK_1.3.0/../ConnSw/framework/SerialManager/Interface\
#        -I
#        C:\Freescale\KW40Z_Connectivity_Software_1.0.1\KSDK_1.3.0/../ConnSw/framework/TimersManager/Interface\
#        -I
#        C:\Freescale\KW40Z_Connectivity_Software_1.0.1\KSDK_1.3.0/../ConnSw/framework/TimersManager/Source\
#        -I
#        C:\Freescale\KW40Z_Connectivity_Software_1.0.1\KSDK_1.3.0/../ConnSw/framework/FunctionLib\
#        -I
#        C:\Freescale\KW40Z_Connectivity_Software_1.0.1\KSDK_1.3.0/../ConnSw/framework/Lists\
#        -I
#        C:\Freescale\KW40Z_Connectivity_Software_1.0.1\KSDK_1.3.0/../ConnSw/framework/SecLib\
#        -I
#        C:\Freescale\KW40Z_Connectivity_Software_1.0.1\KSDK_1.3.0/../ConnSw/framework/ModuleInfo\
#        -I "C:\Users\Jooyoun
#        Hong.Julianne\Desktop\cloned_star\ieee_802_15_4_mystarnetwork/examples/ieee_802_15_4/MyStarNetwork/EndDevice/common\"
#        -I
#        C:\Freescale\KW40Z_Connectivity_Software_1.0.1\KSDK_1.3.0/platform/devices\
#        -I
#        C:\Freescale\KW40Z_Connectivity_Software_1.0.1\KSDK_1.3.0/platform/devices/MKW40Z4/startup\
#        -I
#        C:\Freescale\KW40Z_Connectivity_Software_1.0.1\KSDK_1.3.0/rtos/FreeRTOS/include\
#        -I
#        C:\Freescale\KW40Z_Connectivity_Software_1.0.1\KSDK_1.3.0/rtos/FreeRTOS/port/iar\
#        -I
#        C:\Freescale\KW40Z_Connectivity_Software_1.0.1\KSDK_1.3.0/rtos/FreeRTOS/config/KW40Z4/iar\
#        -I
#        C:\Freescale\KW40Z_Connectivity_Software_1.0.1\KSDK_1.3.0/../ConnSw/ieee_802_15_4/Source/Phy/Source/MKW40Z\
#        -I
#        C:\Freescale\KW40Z_Connectivity_Software_1.0.1\KSDK_1.3.0/../ConnSw/ieee_802_15_4/Source/Phy/Interface\
#        -I
#        C:\Freescale\KW40Z_Connectivity_Software_1.0.1\KSDK_1.3.0/../ConnSw/framework/XCVR/MKW40Z4\
#        -I
#        C:\Freescale\KW40Z_Connectivity_Software_1.0.1\KSDK_1.3.0/../ConnSw/framework/DCDC/Interface\
#        -I
#        C:\Freescale\KW40Z_Connectivity_Software_1.0.1\KSDK_1.3.0/../ConnSw/framework/Flash/Internal\
#        -I
#        C:\Freescale\KW40Z_Connectivity_Software_1.0.1\KSDK_1.3.0/platform/drivers/src/flash/C90TFS/drvsrc/include\
#        -I
#        C:\Freescale\KW40Z_Connectivity_Software_1.0.1\KSDK_1.3.0/platform/drivers/inc\
#        -I
#        C:\Freescale\KW40Z_Connectivity_Software_1.0.1\KSDK_1.3.0/platform/system/inc\
#        -I
#        C:\Freescale\KW40Z_Connectivity_Software_1.0.1\KSDK_1.3.0/platform/hal/inc\
#        -I
#        C:\Freescale\KW40Z_Connectivity_Software_1.0.1\KSDK_1.3.0/platform/utilities/inc\
#        -On
#    List file    =  
#        C:\Users\Jooyoun
#        Hong.Julianne\Desktop\cloned_star\ieee_802_15_4_mystarnetwork\examples\ieee_802_15_4\MyStarNetwork\EndDevice\frdmkw40z\FreeRTOS\build\iar\debug\list\EERAMGetProtection.lst
#    Object file  =  
#        C:\Users\Jooyoun
#        Hong.Julianne\Desktop\cloned_star\ieee_802_15_4_mystarnetwork\examples\ieee_802_15_4\MyStarNetwork\EndDevice\frdmkw40z\FreeRTOS\build\iar\debug\obj\EERAMGetProtection.o
#
###############################################################################

C:\Freescale\KW40Z_Connectivity_Software_1.0.1\KSDK_1.3.0\platform\drivers\src\flash\C90TFS\drvsrc\source\EERAMGetProtection.c
      1          /*****************************************************************************
      2           (c) Copyright 2010-2014 Freescale Semiconductor, Inc.
      3           ALL RIGHTS RESERVED.
      4          
      5           Redistribution and use in source and binary forms, with or without
      6           modification, are permitted provided that the following conditions are met:
      7              * Redistributions of source code must retain the above copyright
      8                notice, this list of conditions and the following disclaimer.
      9              * Redistributions in binary form must reproduce the above copyright
     10                notice, this list of conditions and the following disclaimer in the
     11                documentation and/or other materials provided with the distribution.
     12              * Neither the name of the <organization> nor the
     13                names of its contributors may be used to endorse or promote products
     14                derived from this software without specific prior written permission.
     15          
     16           THIS SOFTWARE IS PROVIDED BY THE COPYRIGHT HOLDERS AND CONTRIBUTORS "AS IS" AND
     17           ANY EXPRESS OR IMPLIED WARRANTIES, INCLUDING, BUT NOT LIMITED TO, THE IMPLIED
     18           WARRANTIES OF MERCHANTABILITY AND FITNESS FOR A PARTICULAR PURPOSE ARE
     19           DISCLAIMED. IN NO EVENT SHALL <COPYRIGHT HOLDER> BE LIABLE FOR ANY DIRECT,
     20           INDIRECT, INCIDENTAL, SPECIAL, EXEMPLARY, OR CONSEQUENTIAL DAMAGES
     21           (INCLUDING, BUT NOT LIMITED TO, PROCUREMENT OF SUBSTITUTE GOODS OR SERVICES;
     22           LOSS OF USE, DATA, OR PROFITS; OR BUSINESS INTERRUPTION) HOWEVER CAUSED AND
     23           ON ANY THEORY OF LIABILITY, WHETHER IN CONTRACT, STRICT LIABILITY, OR TORT
     24           (INCLUDING NEGLIGENCE OR OTHERWISE) ARISING IN ANY WAY OUT OF THE USE OF THIS
     25           SOFTWARE, EVEN IF ADVISED OF THE POSSIBILITY OF SUCH DAMAGE.
     26          ******************************************************************************
     27          
     28          *****************************************************************************
     29          *                                                                           *
     30          *        Standard Software Flash Driver For FTFx                            *
     31          *                                                                           *
     32          * FILE NAME     :  SSD_FTFx.h                                               *
     33          * DATE          :  Sep 25, 2014                                           *
     34          *                                                                           *
     35          * AUTHOR        :  FPT Team                                                 *
     36          * E-mail        :  r56611@freescale.com                                     *
     37          *                                                                           *
     38          *****************************************************************************/
     39          
     40          /************************** CHANGES *************************************
     41          1.1.GA      09.25.2014      FPT Team      First version of SDK C90TFS flash driver
     42                                                    inherited from BM C90TFS flash driver v1.02
     43                                                    (08.04.2014, FPT Team)
     44          *************************************************************************/
     45          /* include the header files */
     46          #include "SSD_FTFx.h"
     47          
     48          /************************************************************************
     49          *
     50          *  Function Name    : EERAMGetProtection.c
     51          *  Description      : This function retrieves current EERAM protection status.
     52          *  Arguments        : PFLASH_SSD_CONFIG, UINT8*
     53          *  Return Value     : UINT32
     54          *
     55          *************************************************************************/
     56          #if (DEBLOCK_SIZE != 0x0U)
     57          /* Enable size optimization */
     58          #if(ARM_CORTEX_M != CPU_CORE)
     59          #pragma optimize_for_size on
     60          #pragma optimization_level 4
     61          #endif /* End of CPU_CORE */
     62          
     63          uint32_t SIZE_OPTIMIZATION EERAMGetProtection(PFLASH_SSD_CONFIG pSSDConfig, uint8_t* protectStatus)
     64          {
     65              uint32_t ret = FTFx_OK;      /* return code variable */
     66              uint32_t temp;               /* temporary variable */
     67          
     68              /* Check if EERAM is set for EEE */
     69              temp = pSSDConfig->ftfxRegBase + FTFx_SSD_FCNFG_OFFSET;
     70              if(0x0U != REG_BIT_GET(temp, FTFx_SSD_FCNFG_EEERDY))
     71              {
     72                  /* EERAM is set for EEE */
     73                  temp = pSSDConfig->ftfxRegBase + FTFx_SSD_FEPROT_OFFSET;
     74                  *protectStatus = REG_READ(temp);
     75              }
     76              else
     77              {
     78                  ret = FTFx_ERR_NOEEE;
     79              }
     80          #if C90TFS_ENABLE_DEBUG
     81              /* Enter Debug state if enabled */
     82              if (TRUE == (pSSDConfig->DebugEnable))
     83              {
     84                  ENTER_DEBUG_MODE;
     85              }
     86          #endif
     87          
     88              return(ret);
     89          }
     90          #endif /* End of DEBLOCK_SIZE */
     91          /* End of file */


 

 


Errors: none
Warnings: none
