###############################################################################
#
# IAR ANSI C/C++ Compiler V7.50.3.10732/W32 for ARM       06/Apr/2016  16:46:19
# Copyright 1999-2016 IAR Systems AB.
#
#    Cpu mode     =  thumb
#    Endian       =  little
#    Source file  =  
#        C:\Users\Jooyoun
#        Hong.Julianne\Desktop\cloned_star\ieee_802_15_4_mystarnetwork\boards\frdmkw40z\fsl_i2c_irq.c
#    Command line =  
#        "C:\Users\Jooyoun
#        Hong.Julianne\Desktop\cloned_star\ieee_802_15_4_mystarnetwork\boards\frdmkw40z\fsl_i2c_irq.c"
#        -D DEBUG -D IAR -D CPU_MKW40Z160VHT4 -lcN "C:\Users\Jooyoun
#        Hong.Julianne\Desktop\cloned_star\ieee_802_15_4_mystarnetwork\examples\ieee_802_15_4\MyStarNetwork\EndDevice\frdmkw40z\FreeRTOS\build\iar\debug\list"
#        --diag_suppress Pa039,Pe068,Pe069,Pa082,Pe177,Pe186,Pe550,Pa050 -o
#        "C:\Users\Jooyoun
#        Hong.Julianne\Desktop\cloned_star\ieee_802_15_4_mystarnetwork\examples\ieee_802_15_4\MyStarNetwork\EndDevice\frdmkw40z\FreeRTOS\build\iar\debug\obj"
#        --no_cse --no_unroll --no_inline --no_code_motion --no_tbaa
#        --no_clustering --no_scheduling --debug --endian=little
#        --cpu=Cortex-M0+ -e --fpu=None --dlib_config "C:\Program Files
#        (x86)\IAR Systems\Embedded Workbench
#        7.3\arm\INC\c\DLib_Config_Normal.h" --preinclude "C:\Users\Jooyoun
#        Hong.Julianne\Desktop\cloned_star\ieee_802_15_4_mystarnetwork/examples/ieee_802_15_4/MyStarNetwork/EndDevice/frdmkw40z/FreeRTOS/app_preinclude.h"
#        -I
#        C:\Freescale\KW40Z_Connectivity_Software_1.0.1\KSDK_1.3.0/platform/CMSIS/Include\
#        -I "C:\Users\Jooyoun
#        Hong.Julianne\Desktop\cloned_star\ieee_802_15_4_mystarnetwork/boards/frdmkw40z\"
#        -I
#        C:\Freescale\KW40Z_Connectivity_Software_1.0.1\KSDK_1.3.0/platform/devices\
#        -I
#        C:\Freescale\KW40Z_Connectivity_Software_1.0.1\KSDK_1.3.0/platform/devices/MKW40Z4/include\
#        -I
#        C:\Freescale\KW40Z_Connectivity_Software_1.0.1\KSDK_1.3.0/platform/devices/MKW40Z4/startup\
#        -I
#        C:\Freescale\KW40Z_Connectivity_Software_1.0.1\KSDK_1.3.0/platform/system/src/clock/MKW40Z4\
#        -I
#        C:\Freescale\KW40Z_Connectivity_Software_1.0.1\KSDK_1.3.0/../ConnSw/ieee_802_15_4/Source/App\
#        -I
#        C:\Freescale\KW40Z_Connectivity_Software_1.0.1\KSDK_1.3.0/../ConnSw/ieee_802_15_4/Source/Mac/Interface\
#        -I
#        C:\Freescale\KW40Z_Connectivity_Software_1.0.1\KSDK_1.3.0/../ConnSw/framework/GPIOIrq\
#        -I
#        C:\Freescale\KW40Z_Connectivity_Software_1.0.1\KSDK_1.3.0/../ConnSw/framework/Keyboard/Interface\
#        -I
#        C:\Freescale\KW40Z_Connectivity_Software_1.0.1\KSDK_1.3.0/../ConnSw/framework/LED/Interface\
#        -I
#        C:\Freescale\KW40Z_Connectivity_Software_1.0.1\KSDK_1.3.0/../ConnSw/framework/SerialManager/Source/SPI_Adapter\
#        -I
#        C:\Freescale\KW40Z_Connectivity_Software_1.0.1\KSDK_1.3.0/../ConnSw/framework/Common\
#        -I
#        C:\Freescale\KW40Z_Connectivity_Software_1.0.1\KSDK_1.3.0/../ConnSw/framework/MemManager/Interface\
#        -I
#        C:\Freescale\KW40Z_Connectivity_Software_1.0.1\KSDK_1.3.0/../ConnSw/framework/Messaging/Interface\
#        -I
#        C:\Freescale\KW40Z_Connectivity_Software_1.0.1\KSDK_1.3.0/../ConnSw/framework/OSAbstraction/Interface\
#        -I
#        C:\Freescale\KW40Z_Connectivity_Software_1.0.1\KSDK_1.3.0/platform/osa/inc\
#        -I
#        C:\Freescale\KW40Z_Connectivity_Software_1.0.1\KSDK_1.3.0/../ConnSw/framework/Panic/Interface\
#        -I
#        C:\Freescale\KW40Z_Connectivity_Software_1.0.1\KSDK_1.3.0/../ConnSw/framework/RNG/Interface\
#        -I
#        C:\Freescale\KW40Z_Connectivity_Software_1.0.1\KSDK_1.3.0/../ConnSw/framework/SerialManager/Interface\
#        -I
#        C:\Freescale\KW40Z_Connectivity_Software_1.0.1\KSDK_1.3.0/../ConnSw/framework/TimersManager/Interface\
#        -I
#        C:\Freescale\KW40Z_Connectivity_Software_1.0.1\KSDK_1.3.0/../ConnSw/framework/TimersManager/Source\
#        -I
#        C:\Freescale\KW40Z_Connectivity_Software_1.0.1\KSDK_1.3.0/../ConnSw/framework/FunctionLib\
#        -I
#        C:\Freescale\KW40Z_Connectivity_Software_1.0.1\KSDK_1.3.0/../ConnSw/framework/Lists\
#        -I
#        C:\Freescale\KW40Z_Connectivity_Software_1.0.1\KSDK_1.3.0/../ConnSw/framework/SecLib\
#        -I
#        C:\Freescale\KW40Z_Connectivity_Software_1.0.1\KSDK_1.3.0/../ConnSw/framework/ModuleInfo\
#        -I "C:\Users\Jooyoun
#        Hong.Julianne\Desktop\cloned_star\ieee_802_15_4_mystarnetwork/examples/ieee_802_15_4/MyStarNetwork/EndDevice/common\"
#        -I
#        C:\Freescale\KW40Z_Connectivity_Software_1.0.1\KSDK_1.3.0/platform/devices\
#        -I
#        C:\Freescale\KW40Z_Connectivity_Software_1.0.1\KSDK_1.3.0/platform/devices/MKW40Z4/startup\
#        -I
#        C:\Freescale\KW40Z_Connectivity_Software_1.0.1\KSDK_1.3.0/rtos/FreeRTOS/include\
#        -I
#        C:\Freescale\KW40Z_Connectivity_Software_1.0.1\KSDK_1.3.0/rtos/FreeRTOS/port/iar\
#        -I
#        C:\Freescale\KW40Z_Connectivity_Software_1.0.1\KSDK_1.3.0/rtos/FreeRTOS/config/KW40Z4/iar\
#        -I
#        C:\Freescale\KW40Z_Connectivity_Software_1.0.1\KSDK_1.3.0/../ConnSw/ieee_802_15_4/Source/Phy/Source/MKW40Z\
#        -I
#        C:\Freescale\KW40Z_Connectivity_Software_1.0.1\KSDK_1.3.0/../ConnSw/ieee_802_15_4/Source/Phy/Interface\
#        -I
#        C:\Freescale\KW40Z_Connectivity_Software_1.0.1\KSDK_1.3.0/../ConnSw/framework/XCVR/MKW40Z4\
#        -I
#        C:\Freescale\KW40Z_Connectivity_Software_1.0.1\KSDK_1.3.0/../ConnSw/framework/DCDC/Interface\
#        -I
#        C:\Freescale\KW40Z_Connectivity_Software_1.0.1\KSDK_1.3.0/../ConnSw/framework/Flash/Internal\
#        -I
#        C:\Freescale\KW40Z_Connectivity_Software_1.0.1\KSDK_1.3.0/platform/drivers/src/flash/C90TFS/drvsrc/include\
#        -I
#        C:\Freescale\KW40Z_Connectivity_Software_1.0.1\KSDK_1.3.0/platform/drivers/inc\
#        -I
#        C:\Freescale\KW40Z_Connectivity_Software_1.0.1\KSDK_1.3.0/platform/system/inc\
#        -I
#        C:\Freescale\KW40Z_Connectivity_Software_1.0.1\KSDK_1.3.0/platform/hal/inc\
#        -I
#        C:\Freescale\KW40Z_Connectivity_Software_1.0.1\KSDK_1.3.0/platform/utilities/inc\
#        -On
#    List file    =  
#        C:\Users\Jooyoun
#        Hong.Julianne\Desktop\cloned_star\ieee_802_15_4_mystarnetwork\examples\ieee_802_15_4\MyStarNetwork\EndDevice\frdmkw40z\FreeRTOS\build\iar\debug\list\fsl_i2c_irq.lst
#    Object file  =  
#        C:\Users\Jooyoun
#        Hong.Julianne\Desktop\cloned_star\ieee_802_15_4_mystarnetwork\examples\ieee_802_15_4\MyStarNetwork\EndDevice\frdmkw40z\FreeRTOS\build\iar\debug\obj\fsl_i2c_irq.o
#
###############################################################################

C:\Users\Jooyoun Hong.Julianne\Desktop\cloned_star\ieee_802_15_4_mystarnetwork\boards\frdmkw40z\fsl_i2c_irq.c
      1          /*
      2           * Copyright (c) 2013 - 2014, Freescale Semiconductor, Inc.
      3           * All rights reserved.
      4           *
      5           * Redistribution and use in source and binary forms, with or without modification,
      6           * are permitted provided that the following conditions are met:
      7           *
      8           * o Redistributions of source code must retain the above copyright notice, this list
      9           *   of conditions and the following disclaimer.
     10           *
     11           * o Redistributions in binary form must reproduce the above copyright notice, this
     12           *   list of conditions and the following disclaimer in the documentation and/or
     13           *   other materials provided with the distribution.
     14           *
     15           * o Neither the name of Freescale Semiconductor, Inc. nor the names of its
     16           *   contributors may be used to endorse or promote products derived from this
     17           *   software without specific prior written permission.
     18           *
     19           * THIS SOFTWARE IS PROVIDED BY THE COPYRIGHT HOLDERS AND CONTRIBUTORS "AS IS" AND
     20           * ANY EXPRESS OR IMPLIED WARRANTIES, INCLUDING, BUT NOT LIMITED TO, THE IMPLIED
     21           * WARRANTIES OF MERCHANTABILITY AND FITNESS FOR A PARTICULAR PURPOSE ARE
     22           * DISCLAIMED. IN NO EVENT SHALL THE COPYRIGHT HOLDER OR CONTRIBUTORS BE LIABLE FOR
     23           * ANY DIRECT, INDIRECT, INCIDENTAL, SPECIAL, EXEMPLARY, OR CONSEQUENTIAL DAMAGES
     24           * (INCLUDING, BUT NOT LIMITED TO, PROCUREMENT OF SUBSTITUTE GOODS OR SERVICES;
     25           * LOSS OF USE, DATA, OR PROFITS; OR BUSINESS INTERRUPTION) HOWEVER CAUSED AND ON
     26           * ANY THEORY OF LIABILITY, WHETHER IN CONTRACT, STRICT LIABILITY, OR TORT
     27           * (INCLUDING NEGLIGENCE OR OTHERWISE) ARISING IN ANY WAY OUT OF THE USE OF THIS
     28           * SOFTWARE, EVEN IF ADVISED OF THE POSSIBILITY OF SUCH DAMAGE.
     29           */
     30          
     31          #include "fsl_i2c_shared_function.h"
     32          #include "fsl_device_registers.h"
     33          
     34          /*******************************************************************************
     35           * Code
     36           ******************************************************************************/
     37          
     38          #if (I2C_INSTANCE_COUNT > 0U)
     39          /* Implementation of I2C0 handler named in startup code. */
     40          void I2C0_IRQHandler(void)
     41          {
     42              I2C_DRV_IRQHandler(I2C0_IDX);
     43          }
     44          #endif
     45          
     46          #if (I2C_INSTANCE_COUNT > 1U)
     47          /* Implementation of I2C1 handler named in startup code. */
     48          void I2C1_IRQHandler(void)
     49          {
     50              I2C_DRV_IRQHandler(I2C1_IDX);
     51          }
     52          #endif
     53          
     54          #if (I2C_INSTANCE_COUNT > 2U)
     55          /* Implementation of I2C2 handler named in startup code. */
     56          void I2C2_IRQHandler(void)
     57          {
     58              I2C_DRV_IRQHandler(I2C2_IDX);
     59          }
     60          #endif
     61          
     62          #if (I2C_INSTANCE_COUNT > 3U)
     63          /* Implementation of I2C3 handler named in startup code. */
     64          void I2C3_IRQHandler(void)
     65          {
     66              I2C_DRV_IRQHandler(I2C3_IDX);
     67          }
     68          #endif
     69          
     70          /*******************************************************************************
     71           * EOF
     72           ******************************************************************************/
     73          

   Maximum stack usage in bytes:

   .cstack Function
   ------- --------
       8   I2C0_IRQHandler
         8   -> I2C_DRV_IRQHandler
       8   I2C1_IRQHandler
         8   -> I2C_DRV_IRQHandler


   Section sizes:

   Bytes  Function/Label
   -----  --------------
      10  I2C0_IRQHandler
      10  I2C1_IRQHandler

 
 20 bytes in section .text
 
 20 bytes of CODE memory

Errors: none
Warnings: none
