###############################################################################
#
# IAR ANSI C/C++ Compiler V7.50.3.10732/W32 for ARM       06/Apr/2016  15:58:36
# Copyright 1999-2016 IAR Systems AB.
#
#    Cpu mode     =  thumb
#    Endian       =  little
#    Source file  =  
#        C:\Users\Jooyoun
#        Hong.Julianne\Desktop\cloned_star\ieee_802_15_4_mystarnetwork\boards\frdmkw40z\gpio_pins.c
#    Command line =  
#        "C:\Users\Jooyoun
#        Hong.Julianne\Desktop\cloned_star\ieee_802_15_4_mystarnetwork\boards\frdmkw40z\gpio_pins.c"
#        -D DEBUG -D IAR -D CPU_MKW40Z160VHT4 -lcN "C:\Users\Jooyoun
#        Hong.Julianne\Desktop\cloned_star\ieee_802_15_4_mystarnetwork\examples\ieee_802_15_4\MyStarNetwork\EndDevice\frdmkw40z\FreeRTOS\build\iar\debug\list"
#        --diag_suppress Pa039,Pe068,Pe069,Pa082,Pe177,Pe186,Pe550,Pa050 -o
#        "C:\Users\Jooyoun
#        Hong.Julianne\Desktop\cloned_star\ieee_802_15_4_mystarnetwork\examples\ieee_802_15_4\MyStarNetwork\EndDevice\frdmkw40z\FreeRTOS\build\iar\debug\obj"
#        --no_cse --no_unroll --no_inline --no_code_motion --no_tbaa
#        --no_clustering --no_scheduling --debug --endian=little
#        --cpu=Cortex-M0+ -e --fpu=None --dlib_config "C:\Program Files
#        (x86)\IAR Systems\Embedded Workbench
#        7.3\arm\INC\c\DLib_Config_Normal.h" --preinclude "C:\Users\Jooyoun
#        Hong.Julianne\Desktop\cloned_star\ieee_802_15_4_mystarnetwork/examples/ieee_802_15_4/MyStarNetwork/EndDevice/frdmkw40z/FreeRTOS/app_preinclude.h"
#        -I
#        C:\Freescale\KW40Z_Connectivity_Software_1.0.1\KSDK_1.3.0/platform/CMSIS/Include\
#        -I "C:\Users\Jooyoun
#        Hong.Julianne\Desktop\cloned_star\ieee_802_15_4_mystarnetwork/boards/frdmkw40z\"
#        -I
#        C:\Freescale\KW40Z_Connectivity_Software_1.0.1\KSDK_1.3.0/platform/devices\
#        -I
#        C:\Freescale\KW40Z_Connectivity_Software_1.0.1\KSDK_1.3.0/platform/devices/MKW40Z4/include\
#        -I
#        C:\Freescale\KW40Z_Connectivity_Software_1.0.1\KSDK_1.3.0/platform/devices/MKW40Z4/startup\
#        -I
#        C:\Freescale\KW40Z_Connectivity_Software_1.0.1\KSDK_1.3.0/platform/system/src/clock/MKW40Z4\
#        -I
#        C:\Freescale\KW40Z_Connectivity_Software_1.0.1\KSDK_1.3.0/../ConnSw/ieee_802_15_4/Source/App\
#        -I
#        C:\Freescale\KW40Z_Connectivity_Software_1.0.1\KSDK_1.3.0/../ConnSw/ieee_802_15_4/Source/Mac/Interface\
#        -I
#        C:\Freescale\KW40Z_Connectivity_Software_1.0.1\KSDK_1.3.0/../ConnSw/framework/GPIOIrq\
#        -I
#        C:\Freescale\KW40Z_Connectivity_Software_1.0.1\KSDK_1.3.0/../ConnSw/framework/Keyboard/Interface\
#        -I
#        C:\Freescale\KW40Z_Connectivity_Software_1.0.1\KSDK_1.3.0/../ConnSw/framework/LED/Interface\
#        -I
#        C:\Freescale\KW40Z_Connectivity_Software_1.0.1\KSDK_1.3.0/../ConnSw/framework/SerialManager/Source/SPI_Adapter\
#        -I
#        C:\Freescale\KW40Z_Connectivity_Software_1.0.1\KSDK_1.3.0/../ConnSw/framework/Common\
#        -I
#        C:\Freescale\KW40Z_Connectivity_Software_1.0.1\KSDK_1.3.0/../ConnSw/framework/MemManager/Interface\
#        -I
#        C:\Freescale\KW40Z_Connectivity_Software_1.0.1\KSDK_1.3.0/../ConnSw/framework/Messaging/Interface\
#        -I
#        C:\Freescale\KW40Z_Connectivity_Software_1.0.1\KSDK_1.3.0/../ConnSw/framework/OSAbstraction/Interface\
#        -I
#        C:\Freescale\KW40Z_Connectivity_Software_1.0.1\KSDK_1.3.0/platform/osa/inc\
#        -I
#        C:\Freescale\KW40Z_Connectivity_Software_1.0.1\KSDK_1.3.0/../ConnSw/framework/Panic/Interface\
#        -I
#        C:\Freescale\KW40Z_Connectivity_Software_1.0.1\KSDK_1.3.0/../ConnSw/framework/RNG/Interface\
#        -I
#        C:\Freescale\KW40Z_Connectivity_Software_1.0.1\KSDK_1.3.0/../ConnSw/framework/SerialManager/Interface\
#        -I
#        C:\Freescale\KW40Z_Connectivity_Software_1.0.1\KSDK_1.3.0/../ConnSw/framework/TimersManager/Interface\
#        -I
#        C:\Freescale\KW40Z_Connectivity_Software_1.0.1\KSDK_1.3.0/../ConnSw/framework/TimersManager/Source\
#        -I
#        C:\Freescale\KW40Z_Connectivity_Software_1.0.1\KSDK_1.3.0/../ConnSw/framework/FunctionLib\
#        -I
#        C:\Freescale\KW40Z_Connectivity_Software_1.0.1\KSDK_1.3.0/../ConnSw/framework/Lists\
#        -I
#        C:\Freescale\KW40Z_Connectivity_Software_1.0.1\KSDK_1.3.0/../ConnSw/framework/SecLib\
#        -I
#        C:\Freescale\KW40Z_Connectivity_Software_1.0.1\KSDK_1.3.0/../ConnSw/framework/ModuleInfo\
#        -I "C:\Users\Jooyoun
#        Hong.Julianne\Desktop\cloned_star\ieee_802_15_4_mystarnetwork/examples/ieee_802_15_4/MyStarNetwork/EndDevice/common\"
#        -I
#        C:\Freescale\KW40Z_Connectivity_Software_1.0.1\KSDK_1.3.0/platform/devices\
#        -I
#        C:\Freescale\KW40Z_Connectivity_Software_1.0.1\KSDK_1.3.0/platform/devices/MKW40Z4/startup\
#        -I
#        C:\Freescale\KW40Z_Connectivity_Software_1.0.1\KSDK_1.3.0/rtos/FreeRTOS/include\
#        -I
#        C:\Freescale\KW40Z_Connectivity_Software_1.0.1\KSDK_1.3.0/rtos/FreeRTOS/port/iar\
#        -I
#        C:\Freescale\KW40Z_Connectivity_Software_1.0.1\KSDK_1.3.0/rtos/FreeRTOS/config/KW40Z4/iar\
#        -I
#        C:\Freescale\KW40Z_Connectivity_Software_1.0.1\KSDK_1.3.0/../ConnSw/ieee_802_15_4/Source/Phy/Source/MKW40Z\
#        -I
#        C:\Freescale\KW40Z_Connectivity_Software_1.0.1\KSDK_1.3.0/../ConnSw/ieee_802_15_4/Source/Phy/Interface\
#        -I
#        C:\Freescale\KW40Z_Connectivity_Software_1.0.1\KSDK_1.3.0/../ConnSw/framework/XCVR/MKW40Z4\
#        -I
#        C:\Freescale\KW40Z_Connectivity_Software_1.0.1\KSDK_1.3.0/../ConnSw/framework/DCDC/Interface\
#        -I
#        C:\Freescale\KW40Z_Connectivity_Software_1.0.1\KSDK_1.3.0/../ConnSw/framework/Flash/Internal\
#        -I
#        C:\Freescale\KW40Z_Connectivity_Software_1.0.1\KSDK_1.3.0/platform/drivers/src/flash/C90TFS/drvsrc/include\
#        -I
#        C:\Freescale\KW40Z_Connectivity_Software_1.0.1\KSDK_1.3.0/platform/drivers/inc\
#        -I
#        C:\Freescale\KW40Z_Connectivity_Software_1.0.1\KSDK_1.3.0/platform/system/inc\
#        -I
#        C:\Freescale\KW40Z_Connectivity_Software_1.0.1\KSDK_1.3.0/platform/hal/inc\
#        -I
#        C:\Freescale\KW40Z_Connectivity_Software_1.0.1\KSDK_1.3.0/platform/utilities/inc\
#        -On
#    List file    =  
#        C:\Users\Jooyoun
#        Hong.Julianne\Desktop\cloned_star\ieee_802_15_4_mystarnetwork\examples\ieee_802_15_4\MyStarNetwork\EndDevice\frdmkw40z\FreeRTOS\build\iar\debug\list\gpio_pins.lst
#    Object file  =  
#        C:\Users\Jooyoun
#        Hong.Julianne\Desktop\cloned_star\ieee_802_15_4_mystarnetwork\examples\ieee_802_15_4\MyStarNetwork\EndDevice\frdmkw40z\FreeRTOS\build\iar\debug\obj\gpio_pins.o
#
###############################################################################

C:\Users\Jooyoun Hong.Julianne\Desktop\cloned_star\ieee_802_15_4_mystarnetwork\boards\frdmkw40z\gpio_pins.c
      1          /*
      2           * Copyright (c) 2013-2015, Freescale Semiconductor, Inc.
      3           * All rights reserved.
      4           *
      5           * Redistribution and use in source and binary forms, with or without modification,
      6           * are permitted provided that the following conditions are met:
      7           *
      8           * o Redistributions of source code must retain the above copyright notice, this list
      9           *   of conditions and the following disclaimer.
     10           *
     11           * o Redistributions in binary form must reproduce the above copyright notice, this
     12           *   list of conditions and the following disclaimer in the documentation and/or
     13           *   other materials provided with the distribution.
     14           *
     15           * o Neither the name of Freescale Semiconductor, Inc. nor the names of its
     16           *   contributors may be used to endorse or promote products derived from this
     17           *   software without specific prior written permission.
     18           *
     19           * THIS SOFTWARE IS PROVIDED BY THE COPYRIGHT HOLDERS AND CONTRIBUTORS "AS IS" AND
     20           * ANY EXPRESS OR IMPLIED WARRANTIES, INCLUDING, BUT NOT LIMITED TO, THE IMPLIED
     21           * WARRANTIES OF MERCHANTABILITY AND FITNESS FOR A PARTICULAR PURPOSE ARE
     22           * DISCLAIMED. IN NO EVENT SHALL THE COPYRIGHT HOLDER OR CONTRIBUTORS BE LIABLE FOR
     23           * ANY DIRECT, INDIRECT, INCIDENTAL, SPECIAL, EXEMPLARY, OR CONSEQUENTIAL DAMAGES
     24           * (INCLUDING, BUT NOT LIMITED TO, PROCUREMENT OF SUBSTITUTE GOODS OR SERVICES;
     25           * LOSS OF USE, DATA, OR PROFITS; OR BUSINESS INTERRUPTION) HOWEVER CAUSED AND ON
     26           * ANY THEORY OF LIABILITY, WHETHER IN CONTRACT, STRICT LIABILITY, OR TORT
     27           * (INCLUDING NEGLIGENCE OR OTHERWISE) ARISING IN ANY WAY OUT OF THE USE OF THIS
     28           * SOFTWARE, EVEN IF ADVISED OF THE POSSIBILITY OF SUCH DAMAGE.
     29           */
     30          
     31          #include <stdint.h>
     32          #include <stdlib.h>
     33          #include "gpio_pins.h"
     34          
     35          /*******************************************************************************
     36           * Definitions
     37           ******************************************************************************/
     38          
     39          gpio_input_pin_user_config_t switchPins[] = {
     40              {
     41                  .pinName = kGpioSW1,
     42                  .config.isPullEnable = true,
     43                  .config.pullSelect = kPortPullUp,
     44                  .config.isPassiveFilterEnabled = false,
     45                  .config.interrupt = kPortIntFallingEdge,
     46              },
     47              {
     48                  .pinName = kGpioSW2,
     49                  .config.isPullEnable = true,
     50                  .config.pullSelect = kPortPullUp,
     51                  .config.isPassiveFilterEnabled = false,
     52                  .config.interrupt = kPortIntFallingEdge
     53              },
     54              {
     55                  .pinName = GPIO_PINS_OUT_OF_RANGE,
     56              }
     57          };
     58          
     59          /* Declare Output GPIO pins */
     60          gpio_output_pin_user_config_t ledPins[] = {
     61              {
     62                  .pinName = kGpioLED1,
     63                  .config.outputLogic = 1,
     64                  .config.slewRate = kPortSlowSlewRate,
     65                  .config.driveStrength = kPortLowDriveStrength,
     66              },
     67              {
     68                  .pinName = kGpioLED2,
     69                  .config.outputLogic = 1,
     70                  .config.slewRate = kPortSlowSlewRate,
     71                  .config.driveStrength = kPortLowDriveStrength,
     72              },
     73              {
     74                  .pinName = kGpioLED3,
     75                  .config.outputLogic = 1,
     76                  .config.slewRate = kPortSlowSlewRate,
     77                  .config.driveStrength = kPortLowDriveStrength,
     78              },
     79              {
     80                  .pinName = kGpioLED4,
     81                  .config.outputLogic = 1,
     82                  .config.slewRate = kPortSlowSlewRate,
     83                  .config.driveStrength = kPortLowDriveStrength,
     84              },
     85              {
     86                  .pinName = GPIO_PINS_OUT_OF_RANGE,
     87              }
     88          };
     89          


   Section sizes:

   Bytes  Function/Label
   -----  --------------
      60  ledPins
      24  switchPins

 
 84 bytes in section .data
 
 84 bytes of DATA memory

Errors: none
Warnings: none
